centos6 | SUCCESS => {
    "ansible_facts": {
        "ansible_all_ipv4_addresses": [
            "192.168.200.251"
        ],
        "ansible_all_ipv6_addresses": [
            "fe80::f816:3eff:feed:d0d4"
        ],
        "ansible_apparmor": {
            "status": "disabled"
        },
        "ansible_architecture": "x86_64",
        "ansible_bios_date": "04/01/2014",
        "ansible_bios_version": "1.11.0-2.el7",
        "ansible_cmdline": {
            "KEYBOARDTYPE": "pc",
            "KEYTABLE": "us",
            "LANG": "en_US.UTF-8",
            "SYSFONT": "latarcyrheb-sun16",
            "console": "ttyS0,115200",
            "crashkernel": "129M@48M",
            "rd_NO_DM": true,
            "rd_NO_LUKS": true,
            "rd_NO_LVM": true,
            "rd_NO_MD": true,
            "ro": true,
            "root": "UUID=1768745c-f048-4534-851c-f8a47ce987bb"
        },
        "ansible_date_time": {
            "date": "2021-01-01",
            "day": "01",
            "epoch": "1609543213",
            "hour": "23",
            "iso8601": "2021-01-01T23:20:13Z",
            "iso8601_basic": "20210101T232013843386",
            "iso8601_basic_short": "20210101T232013",
            "iso8601_micro": "2021-01-01T23:20:13.843537Z",
            "minute": "20",
            "month": "01",
            "second": "13",
            "time": "23:20:13",
            "tz": "UTC",
            "tz_offset": "+0000",
            "weekday": "Friday",
            "weekday_number": "5",
            "weeknumber": "00",
            "year": "2021"
        },
        "ansible_default_ipv4": {
            "address": "192.168.200.251",
            "alias": "eth0",
            "broadcast": "192.168.200.255",
            "gateway": "192.168.200.1",
            "interface": "eth0",
            "macaddress": "fa:16:3e:ed:d0:d4",
            "mtu": 1450,
            "netmask": "255.255.255.0",
            "network": "192.168.200.0",
            "type": "ether"
        },
        "ansible_default_ipv6": {},
        "ansible_device_links": {
            "ids": {},
            "labels": {},
            "masters": {},
            "uuids": {
                "vda1": [
                    "1768745c-f048-4534-851c-f8a47ce987bb"
                ],
                "vdb": [
                    "acd3c4cb-7776-495c-ac54-561cc6e4cf20"
                ]
            }
        },
        "ansible_devices": {
            "loop0": {
                "holders": [],
                "host": "",
                "links": {
                    "ids": [],
                    "labels": [],
                    "masters": [],
                    "uuids": []
                },
                "model": null,
                "partitions": {},
                "removable": "0",
                "rotational": "1",
                "sas_address": null,
                "sas_device_handle": null,
                "scheduler_mode": "",
                "sectors": "0",
                "sectorsize": "512",
                "size": "0.00 Bytes",
                "support_discard": "0",
                "vendor": null,
                "virtual": 1
            },
            "loop1": {
                "holders": [],
                "host": "",
                "links": {
                    "ids": [],
                    "labels": [],
                    "masters": [],
                    "uuids": []
                },
                "model": null,
                "partitions": {},
                "removable": "0",
                "rotational": "1",
                "sas_address": null,
                "sas_device_handle": null,
                "scheduler_mode": "",
                "sectors": "0",
                "sectorsize": "512",
                "size": "0.00 Bytes",
                "support_discard": "0",
                "vendor": null,
                "virtual": 1
            },
            "loop2": {
                "holders": [],
                "host": "",
                "links": {
                    "ids": [],
                    "labels": [],
                    "masters": [],
                    "uuids": []
                },
                "model": null,
                "partitions": {},
                "removable": "0",
                "rotational": "1",
                "sas_address": null,
                "sas_device_handle": null,
                "scheduler_mode": "",
                "sectors": "0",
                "sectorsize": "512",
                "size": "0.00 Bytes",
                "support_discard": "0",
                "vendor": null,
                "virtual": 1
            },
            "loop3": {
                "holders": [],
                "host": "",
                "links": {
                    "ids": [],
                    "labels": [],
                    "masters": [],
                    "uuids": []
                },
                "model": null,
                "partitions": {},
                "removable": "0",
                "rotational": "1",
                "sas_address": null,
                "sas_device_handle": null,
                "scheduler_mode": "",
                "sectors": "0",
                "sectorsize": "512",
                "size": "0.00 Bytes",
                "support_discard": "0",
                "vendor": null,
                "virtual": 1
            },
            "loop4": {
                "holders": [],
                "host": "",
                "links": {
                    "ids": [],
                    "labels": [],
                    "masters": [],
                    "uuids": []
                },
                "model": null,
                "partitions": {},
                "removable": "0",
                "rotational": "1",
                "sas_address": null,
                "sas_device_handle": null,
                "scheduler_mode": "",
                "sectors": "0",
                "sectorsize": "512",
                "size": "0.00 Bytes",
                "support_discard": "0",
                "vendor": null,
                "virtual": 1
            },
            "loop5": {
                "holders": [],
                "host": "",
                "links": {
                    "ids": [],
                    "labels": [],
                    "masters": [],
                    "uuids": []
                },
                "model": null,
                "partitions": {},
                "removable": "0",
                "rotational": "1",
                "sas_address": null,
                "sas_device_handle": null,
                "scheduler_mode": "",
                "sectors": "0",
                "sectorsize": "512",
                "size": "0.00 Bytes",
                "support_discard": "0",
                "vendor": null,
                "virtual": 1
            },
            "loop6": {
                "holders": [],
                "host": "",
                "links": {
                    "ids": [],
                    "labels": [],
                    "masters": [],
                    "uuids": []
                },
                "model": null,
                "partitions": {},
                "removable": "0",
                "rotational": "1",
                "sas_address": null,
                "sas_device_handle": null,
                "scheduler_mode": "",
                "sectors": "0",
                "sectorsize": "512",
                "size": "0.00 Bytes",
                "support_discard": "0",
                "vendor": null,
                "virtual": 1
            },
            "loop7": {
                "holders": [],
                "host": "",
                "links": {
                    "ids": [],
                    "labels": [],
                    "masters": [],
                    "uuids": []
                },
                "model": null,
                "partitions": {},
                "removable": "0",
                "rotational": "1",
                "sas_address": null,
                "sas_device_handle": null,
                "scheduler_mode": "",
                "sectors": "0",
                "sectorsize": "512",
                "size": "0.00 Bytes",
                "support_discard": "0",
                "vendor": null,
                "virtual": 1
            },
            "ram0": {
                "holders": [],
                "host": "",
                "links": {
                    "ids": [],
                    "labels": [],
                    "masters": [],
                    "uuids": []
                },
                "model": null,
                "partitions": {},
                "removable": "0",
                "rotational": "1",
                "sas_address": null,
                "sas_device_handle": null,
                "scheduler_mode": "",
                "sectors": "32768",
                "sectorsize": "512",
                "size": "16.00 MB",
                "support_discard": "0",
                "vendor": null,
                "virtual": 1
            },
            "ram1": {
                "holders": [],
                "host": "",
                "links": {
                    "ids": [],
                    "labels": [],
                    "masters": [],
                    "uuids": []
                },
                "model": null,
                "partitions": {},
                "removable": "0",
                "rotational": "1",
                "sas_address": null,
                "sas_device_handle": null,
                "scheduler_mode": "",
                "sectors": "32768",
                "sectorsize": "512",
                "size": "16.00 MB",
                "support_discard": "0",
                "vendor": null,
                "virtual": 1
            },
            "ram10": {
                "holders": [],
                "host": "",
                "links": {
                    "ids": [],
                    "labels": [],
                    "masters": [],
                    "uuids": []
                },
                "model": null,
                "partitions": {},
                "removable": "0",
                "rotational": "1",
                "sas_address": null,
                "sas_device_handle": null,
                "scheduler_mode": "",
                "sectors": "32768",
                "sectorsize": "512",
                "size": "16.00 MB",
                "support_discard": "0",
                "vendor": null,
                "virtual": 1
            },
            "ram11": {
                "holders": [],
                "host": "",
                "links": {
                    "ids": [],
                    "labels": [],
                    "masters": [],
                    "uuids": []
                },
                "model": null,
                "partitions": {},
                "removable": "0",
                "rotational": "1",
                "sas_address": null,
                "sas_device_handle": null,
                "scheduler_mode": "",
                "sectors": "32768",
                "sectorsize": "512",
                "size": "16.00 MB",
                "support_discard": "0",
                "vendor": null,
                "virtual": 1
            },
            "ram12": {
                "holders": [],
                "host": "",
                "links": {
                    "ids": [],
                    "labels": [],
                    "masters": [],
                    "uuids": []
                },
                "model": null,
                "partitions": {},
                "removable": "0",
                "rotational": "1",
                "sas_address": null,
                "sas_device_handle": null,
                "scheduler_mode": "",
                "sectors": "32768",
                "sectorsize": "512",
                "size": "16.00 MB",
                "support_discard": "0",
                "vendor": null,
                "virtual": 1
            },
            "ram13": {
                "holders": [],
                "host": "",
                "links": {
                    "ids": [],
                    "labels": [],
                    "masters": [],
                    "uuids": []
                },
                "model": null,
                "partitions": {},
                "removable": "0",
                "rotational": "1",
                "sas_address": null,
                "sas_device_handle": null,
                "scheduler_mode": "",
                "sectors": "32768",
                "sectorsize": "512",
                "size": "16.00 MB",
                "support_discard": "0",
                "vendor": null,
                "virtual": 1
            },
            "ram14": {
                "holders": [],
                "host": "",
                "links": {
                    "ids": [],
                    "labels": [],
                    "masters": [],
                    "uuids": []
                },
                "model": null,
                "partitions": {},
                "removable": "0",
                "rotational": "1",
                "sas_address": null,
                "sas_device_handle": null,
                "scheduler_mode": "",
                "sectors": "32768",
                "sectorsize": "512",
                "size": "16.00 MB",
                "support_discard": "0",
                "vendor": null,
                "virtual": 1
            },
            "ram15": {
                "holders": [],
                "host": "",
                "links": {
                    "ids": [],
                    "labels": [],
                    "masters": [],
                    "uuids": []
                },
                "model": null,
                "partitions": {},
                "removable": "0",
                "rotational": "1",
                "sas_address": null,
                "sas_device_handle": null,
                "scheduler_mode": "",
                "sectors": "32768",
                "sectorsize": "512",
                "size": "16.00 MB",
                "support_discard": "0",
                "vendor": null,
                "virtual": 1
            },
            "ram2": {
                "holders": [],
                "host": "",
                "links": {
                    "ids": [],
                    "labels": [],
                    "masters": [],
                    "uuids": []
                },
                "model": null,
                "partitions": {},
                "removable": "0",
                "rotational": "1",
                "sas_address": null,
                "sas_device_handle": null,
                "scheduler_mode": "",
                "sectors": "32768",
                "sectorsize": "512",
                "size": "16.00 MB",
                "support_discard": "0",
                "vendor": null,
                "virtual": 1
            },
            "ram3": {
                "holders": [],
                "host": "",
                "links": {
                    "ids": [],
                    "labels": [],
                    "masters": [],
                    "uuids": []
                },
                "model": null,
                "partitions": {},
                "removable": "0",
                "rotational": "1",
                "sas_address": null,
                "sas_device_handle": null,
                "scheduler_mode": "",
                "sectors": "32768",
                "sectorsize": "512",
                "size": "16.00 MB",
                "support_discard": "0",
                "vendor": null,
                "virtual": 1
            },
            "ram4": {
                "holders": [],
                "host": "",
                "links": {
                    "ids": [],
                    "labels": [],
                    "masters": [],
                    "uuids": []
                },
                "model": null,
                "partitions": {},
                "removable": "0",
                "rotational": "1",
                "sas_address": null,
                "sas_device_handle": null,
                "scheduler_mode": "",
                "sectors": "32768",
                "sectorsize": "512",
                "size": "16.00 MB",
                "support_discard": "0",
                "vendor": null,
                "virtual": 1
            },
            "ram5": {
                "holders": [],
                "host": "",
                "links": {
                    "ids": [],
                    "labels": [],
                    "masters": [],
                    "uuids": []
                },
                "model": null,
                "partitions": {},
                "removable": "0",
                "rotational": "1",
                "sas_address": null,
                "sas_device_handle": null,
                "scheduler_mode": "",
                "sectors": "32768",
                "sectorsize": "512",
                "size": "16.00 MB",
                "support_discard": "0",
                "vendor": null,
                "virtual": 1
            },
            "ram6": {
                "holders": [],
                "host": "",
                "links": {
                    "ids": [],
                    "labels": [],
                    "masters": [],
                    "uuids": []
                },
                "model": null,
                "partitions": {},
                "removable": "0",
                "rotational": "1",
                "sas_address": null,
                "sas_device_handle": null,
                "scheduler_mode": "",
                "sectors": "32768",
                "sectorsize": "512",
                "size": "16.00 MB",
                "support_discard": "0",
                "vendor": null,
                "virtual": 1
            },
            "ram7": {
                "holders": [],
                "host": "",
                "links": {
                    "ids": [],
                    "labels": [],
                    "masters": [],
                    "uuids": []
                },
                "model": null,
                "partitions": {},
                "removable": "0",
                "rotational": "1",
                "sas_address": null,
                "sas_device_handle": null,
                "scheduler_mode": "",
                "sectors": "32768",
                "sectorsize": "512",
                "size": "16.00 MB",
                "support_discard": "0",
                "vendor": null,
                "virtual": 1
            },
            "ram8": {
                "holders": [],
                "host": "",
                "links": {
                    "ids": [],
                    "labels": [],
                    "masters": [],
                    "uuids": []
                },
                "model": null,
                "partitions": {},
                "removable": "0",
                "rotational": "1",
                "sas_address": null,
                "sas_device_handle": null,
                "scheduler_mode": "",
                "sectors": "32768",
                "sectorsize": "512",
                "size": "16.00 MB",
                "support_discard": "0",
                "vendor": null,
                "virtual": 1
            },
            "ram9": {
                "holders": [],
                "host": "",
                "links": {
                    "ids": [],
                    "labels": [],
                    "masters": [],
                    "uuids": []
                },
                "model": null,
                "partitions": {},
                "removable": "0",
                "rotational": "1",
                "sas_address": null,
                "sas_device_handle": null,
                "scheduler_mode": "",
                "sectors": "32768",
                "sectorsize": "512",
                "size": "16.00 MB",
                "support_discard": "0",
                "vendor": null,
                "virtual": 1
            },
            "vda": {
                "holders": [],
                "host": "SCSI storage controller: Red Hat, Inc. Virtio block device",
                "links": {
                    "ids": [],
                    "labels": [],
                    "masters": [],
                    "uuids": []
                },
                "model": null,
                "partitions": {
                    "vda1": {
                        "holders": [],
                        "links": {
                            "ids": [],
                            "labels": [],
                            "masters": [],
                            "uuids": [
                                "1768745c-f048-4534-851c-f8a47ce987bb"
                            ]
                        },
                        "sectors": "16775168",
                        "sectorsize": 512,
                        "size": "8.00 GB",
                        "start": "2048",
                        "uuid": "1768745c-f048-4534-851c-f8a47ce987bb"
                    }
                },
                "removable": "0",
                "rotational": "1",
                "sas_address": null,
                "sas_device_handle": null,
                "scheduler_mode": "cfq",
                "sectors": "20971520",
                "sectorsize": "512",
                "size": "10.00 GB",
                "support_discard": "0",
                "vendor": "6900",
                "virtual": 1
            },
            "vdb": {
                "holders": [],
                "host": "SCSI storage controller: Red Hat, Inc. Virtio block device",
                "links": {
                    "ids": [],
                    "labels": [],
                    "masters": [],
                    "uuids": [
                        "acd3c4cb-7776-495c-ac54-561cc6e4cf20"
                    ]
                },
                "model": null,
                "partitions": {},
                "removable": "0",
                "rotational": "1",
                "sas_address": null,
                "sas_device_handle": null,
                "scheduler_mode": "cfq",
                "sectors": "1048576",
                "sectorsize": "512",
                "size": "512.00 MB",
                "support_discard": "0",
                "vendor": "6900",
                "virtual": 1
            }
        },
        "ansible_distribution": "CentOS",
        "ansible_distribution_file_parsed": true,
        "ansible_distribution_file_path": "/etc/redhat-release",
        "ansible_distribution_file_variety": "RedHat",
        "ansible_distribution_major_version": "6",
        "ansible_distribution_release": "Final",
        "ansible_distribution_version": "6.10",
        "ansible_dns": {
            "nameservers": [
                "192.168.0.1",
                "8.8.8.8"
            ],
            "search": [
                "openstacklocal"
            ]
        },
        "ansible_domain": "",
        "ansible_effective_group_id": 500,
        "ansible_effective_user_id": 501,
        "ansible_env": {
            "G_BROKEN_FILENAMES": "1",
            "HOME": "/home/automation",
            "LANG": "en_US.UTF-8",
            "LESSOPEN": "||/usr/bin/lesspipe.sh %s",
            "LOGNAME": "automation",
            "MAIL": "/var/mail/automation",
            "PATH": "/usr/local/bin:/bin:/usr/bin",
            "PWD": "/home/automation",
            "SELINUX_LEVEL_REQUESTED": "",
            "SELINUX_ROLE_REQUESTED": "",
            "SELINUX_USE_CURRENT_RANGE": "",
            "SHELL": "/bin/bash",
            "SHLVL": "2",
            "SSH_AUTH_SOCK": "/tmp/ssh-UFBYv10515/agent.10515",
            "SSH_CLIENT": "192.168.0.212 62551 22",
            "SSH_CONNECTION": "192.168.0.212 62551 192.168.200.251 22",
            "USER": "automation",
            "_": "/usr/bin/python"
        },
        "ansible_eth0": {
            "active": true,
            "device": "eth0",
            "features": {
                "fcoe_mtu": "off [fixed]",
                "generic_receive_offload": "on",
                "generic_segmentation_offload": "on",
                "highdma": "on [fixed]",
                "large_receive_offload": "off [fixed]",
                "loopback": "off [fixed]",
                "netns_local": "off [fixed]",
                "ntuple_filters": "off [fixed]",
                "receive_hashing": "off [fixed]",
                "rx_checksumming": "on [fixed]",
                "rx_vlan_filter": "on [fixed]",
                "rx_vlan_offload": "off [fixed]",
                "scatter_gather": "on",
                "tcp_segmentation_offload": "on",
                "tx_checksum_fcoe_crc": "off [fixed]",
                "tx_checksum_ip_generic": "on",
                "tx_checksum_ipv4": "off [fixed]",
                "tx_checksum_ipv6": "off [fixed]",
                "tx_checksum_sctp": "off [fixed]",
                "tx_checksum_unneeded": "off [fixed]",
                "tx_checksumming": "on",
                "tx_fcoe_segmentation": "off [fixed]",
                "tx_gre_segmentation": "off [fixed]",
                "tx_gso_robust": "off [fixed]",
                "tx_lockless": "off [fixed]",
                "tx_scatter_gather": "on",
                "tx_scatter_gather_fraglist": "off [fixed]",
                "tx_tcp6_segmentation": "on",
                "tx_tcp_ecn_segmentation": "on",
                "tx_tcp_segmentation": "on",
                "tx_udp_tnl_segmentation": "off [fixed]",
                "tx_vlan_offload": "off [fixed]",
                "udp_fragmentation_offload": "on",
                "vlan_challenged": "off [fixed]"
            },
            "hw_timestamp_filters": [],
            "ipv4": {
                "address": "192.168.200.251",
                "broadcast": "192.168.200.255",
                "netmask": "255.255.255.0",
                "network": "192.168.200.0"
            },
            "ipv6": [
                {
                    "address": "fe80::f816:3eff:feed:d0d4",
                    "prefix": "64",
                    "scope": "link"
                }
            ],
            "macaddress": "fa:16:3e:ed:d0:d4",
            "module": "virtio_net",
            "mtu": 1450,
            "pciid": "virtio0",
            "promisc": false,
            "timestamping": [
                "rx_software",
                "software"
            ],
            "type": "ether"
        },
        "ansible_fibre_channel_wwn": [],
        "ansible_fips": false,
        "ansible_form_factor": "Other",
        "ansible_fqdn": "centos6",
        "ansible_hostname": "centos6",
        "ansible_hostnqn": "",
        "ansible_interfaces": [
            "lo",
            "eth0"
        ],
        "ansible_is_chroot": false,
        "ansible_iscsi_iqn": "",
        "ansible_kernel": "2.6.32-754.17.1.el6.x86_64",
        "ansible_kernel_version": "#1 SMP Tue Jul 2 12:42:48 UTC 2019",
        "ansible_lo": {
            "active": true,
            "device": "lo",
            "features": {
                "fcoe_mtu": "off [fixed]",
                "generic_receive_offload": "on",
                "generic_segmentation_offload": "on",
                "highdma": "on [fixed]",
                "large_receive_offload": "off [fixed]",
                "loopback": "on [fixed]",
                "netns_local": "on [fixed]",
                "ntuple_filters": "off [fixed]",
                "receive_hashing": "off [fixed]",
                "rx_checksumming": "on [fixed]",
                "rx_vlan_filter": "off [fixed]",
                "rx_vlan_offload": "off [fixed]",
                "scatter_gather": "on",
                "tcp_segmentation_offload": "on",
                "tx_checksum_fcoe_crc": "off [fixed]",
                "tx_checksum_ip_generic": "on [fixed]",
                "tx_checksum_ipv4": "off [fixed]",
                "tx_checksum_ipv6": "off [fixed]",
                "tx_checksum_sctp": "off [fixed]",
                "tx_checksum_unneeded": "off [fixed]",
                "tx_checksumming": "on",
                "tx_fcoe_segmentation": "off [fixed]",
                "tx_gre_segmentation": "off [fixed]",
                "tx_gso_robust": "off [fixed]",
                "tx_lockless": "on [fixed]",
                "tx_scatter_gather": "on [fixed]",
                "tx_scatter_gather_fraglist": "on [fixed]",
                "tx_tcp6_segmentation": "on",
                "tx_tcp_ecn_segmentation": "on",
                "tx_tcp_segmentation": "on",
                "tx_udp_tnl_segmentation": "off [fixed]",
                "tx_vlan_offload": "off [fixed]",
                "udp_fragmentation_offload": "on",
                "vlan_challenged": "on [fixed]"
            },
            "hw_timestamp_filters": [],
            "ipv4": {
                "address": "127.0.0.1",
                "broadcast": "host",
                "netmask": "255.0.0.0",
                "network": "127.0.0.0"
            },
            "ipv6": [
                {
                    "address": "::1",
                    "prefix": "128",
                    "scope": "host"
                }
            ],
            "mtu": 65536,
            "promisc": false,
            "timestamping": [
                "rx_software",
                "software"
            ],
            "type": "loopback"
        },
        "ansible_local": {},
        "ansible_lsb": {},
        "ansible_machine": "x86_64",
        "ansible_memfree_mb": 1343,
        "ansible_memory_mb": {
            "nocache": {
                "free": 1749,
                "used": 127
            },
            "real": {
                "free": 1343,
                "total": 1876,
                "used": 533
            },
            "swap": {
                "cached": 0,
                "free": 511,
                "total": 511,
                "used": 0
            }
        },
        "ansible_memtotal_mb": 1876,
        "ansible_mounts": [
            {
                "block_available": 1664936,
                "block_size": 4096,
                "block_total": 2031214,
                "block_used": 366278,
                "device": "/dev/vda1",
                "fstype": "ext4",
                "inode_available": 505571,
                "inode_total": 524288,
                "inode_used": 18717,
                "mount": "/",
                "options": "rw",
                "size_available": 6819577856,
                "size_total": 8319852544,
                "uuid": "1768745c-f048-4534-851c-f8a47ce987bb"
            }
        ],
        "ansible_nodename": "centos6",
        "ansible_os_family": "RedHat",
        "ansible_pkg_mgr": "yum",
        "ansible_proc_cmdline": {
            "KEYBOARDTYPE": "pc",
            "KEYTABLE": "us",
            "LANG": "en_US.UTF-8",
            "SYSFONT": "latarcyrheb-sun16",
            "console": "ttyS0,115200",
            "crashkernel": "129M@48M",
            "rd_NO_DM": true,
            "rd_NO_LUKS": true,
            "rd_NO_LVM": true,
            "rd_NO_MD": true,
            "ro": true,
            "root": "UUID=1768745c-f048-4534-851c-f8a47ce987bb"
        },
        "ansible_processor": [
            "0",
            "GenuineIntel",
            "Intel Xeon E3-12xx v2 (Ivy Bridge, IBRS)"
        ],
        "ansible_processor_cores": 1,
        "ansible_processor_count": 1,
        "ansible_processor_threads_per_core": 1,
        "ansible_processor_vcpus": 1,
        "ansible_product_name": "OpenStack Compute",
        "ansible_product_serial": "NA",
        "ansible_product_uuid": "NA",
        "ansible_product_version": "17.0.13-27.el7ost",
        "ansible_python": {
            "executable": "/usr/bin/python",
            "has_sslcontext": false,
            "type": "CPython",
            "version": {
                "major": 2,
                "micro": 6,
                "minor": 6,
                "releaselevel": "final",
                "serial": 0
            },
            "version_info": [
                2,
                6,
                6,
                "final",
                0
            ]
        },
        "ansible_python_version": "2.6.6",
        "ansible_real_group_id": 500,
        "ansible_real_user_id": 501,
        "ansible_selinux": {
            "config_mode": "enforcing",
            "mode": "enforcing",
            "policyvers": 24,
            "status": "enabled",
            "type": "targeted"
        },
        "ansible_selinux_python_present": true,
        "ansible_service_mgr": "upstart",
        "ansible_ssh_host_key_dsa_public": "AAAAB3NzaC1kc3MAAACBAJqztucp48s3a9KzQv+J2ajH0YBwjdOvbCN9C1VAybJKEyHztbhv/SkQUP3wv1ULh8CVIzqHLSdTvxV4XEdAeKV5mWhHMRByY57CvZsbGp1Tx4zq8gShbe2edfpfaQe9Vm5QhlI1WorZLcSE+EkAXEQgF00yHl+POKEMXWEb5UCpAAAAFQDlJUY/9WMcNIvwqnAe6Fy7QgxaywAAAIA34AMupq50tHCN8U+ILoAWD02nPHCjTOCd8sQJCRzlwCTeUQr5JZYHXWLyBobnmmZCczJ626g276dJeJJD4UiEWOCTz/IgimfAw0khWyDE/P1cxRbApVdxrTDNWymbfBYh9xY2yG7ihUeee5YzKXkOzOjNFALeCNNneVC/L/TeNQAAAIBjibKCXoEyYN3uyfyk+IDIc/QzHPu6+AVgqiHtHYFt4amQEPBz+UG4Ig5cPaQVSSlDHInloV9W4kT55dbX63teHCzrG/BPuhKUXqH7PiRzZt9E9cTRftkMLDiuPasB3v1p8OTGmeZ/uGkleCO8feqRv3Yt6uTJzzcBkHpyH1QUFw==",
        "ansible_ssh_host_key_rsa_public": "AAAAB3NzaC1yc2EAAAABIwAAAQEAxTeQXSdr8yyLVWsCvFAzhHTbqIC/o4oAaIfgkjZf4CmkS7qlQ5cnEZ+TFxnUF/A3yNIM5R22EWWRum9v02zxNzm7uCw1vdzjnXC/7RZ/9suNrkkWij1kwMgSLuUMKLWFukgOn1hH9tJ14R0k3se4zfjwT/6ihLJe7QBADAisB2k/3IEEG+hOSLUvpxuYAmthft2Ya2DG83/n037AbNe2+f570XYOTu2WJc5lu/Du1JDKusnv6NNlwVUHa3WlHdWvSkzb0aDrOZvV81bXPZ5juQdC7xwot/DVEu+9Qzss7eswTk1NlReQbgqhVBlpU8Bi6uzmslNi3pYSmJxuLtc8Mw==",
        "ansible_swapfree_mb": 511,
        "ansible_swaptotal_mb": 511,
        "ansible_system": "Linux",
        "ansible_system_capabilities": [
            ""
        ],
        "ansible_system_capabilities_enforced": "True",
        "ansible_system_vendor": "Red Hat",
        "ansible_uptime_seconds": 22336,
        "ansible_user_dir": "/home/automation",
        "ansible_user_gecos": "Automation account",
        "ansible_user_gid": 500,
        "ansible_user_id": "automation",
        "ansible_user_shell": "/bin/bash",
        "ansible_user_uid": 501,
        "ansible_userspace_architecture": "x86_64",
        "ansible_userspace_bits": "64",
        "ansible_virtualization_role": "guest",
        "ansible_virtualization_type": "openstack",
        "discovered_interpreter_python": "/usr/bin/python",
        "gather_subset": [
            "all"
        ],
        "module_setup": true
    },
    "changed": false
}
